c:\users\tangi\desktop\crafty\craftyeditor\debug\vc142.pdb
c:\users\tangi\desktop\crafty\craftyeditor\debug\vc142.idb
c:\users\tangi\desktop\crafty\craftyeditor\debug\sfmlwindow.obj
c:\users\tangi\desktop\crafty\craftyeditor\debug\map.obj
c:\users\tangi\desktop\crafty\craftyeditor\debug\entity2d.obj
c:\users\tangi\desktop\crafty\craftyeditor\debug\view.obj
c:\users\tangi\desktop\crafty\craftyeditor\debug\sfmlview.obj
c:\users\tangi\desktop\crafty\craftyeditor\debug\renderview.obj
c:\users\tangi\desktop\crafty\craftyeditor\debug\mouse.obj
c:\users\tangi\desktop\crafty\craftyeditor\debug\game.obj
c:\users\tangi\desktop\crafty\craftyeditor\debug\body.obj
c:\users\tangi\desktop\crafty\craftyeditor\debug\system.obj
c:\users\tangi\desktop\crafty\craftyeditor\debug\jobs.obj
c:\users\tangi\desktop\crafty\craftyeditor\debug\entity.obj
c:\users\tangi\desktop\crafty\craftyeditor\debug\component.obj
c:\users\tangi\desktop\crafty\craftyeditor\debug\main.obj
c:\users\tangi\desktop\crafty\craftyeditor\debug\craftyeditor.ilk
c:\users\tangi\desktop\crafty\craftyeditor\debug\craftyeditor.exe
c:\users\tangi\desktop\crafty\craftyeditor\debug\craftyeditor.pdb
c:\users\tangi\desktop\crafty\craftyeditor\debug\craftyeditor.tlog\cl.command.1.tlog
c:\users\tangi\desktop\crafty\craftyeditor\debug\craftyeditor.tlog\cl.read.1.tlog
c:\users\tangi\desktop\crafty\craftyeditor\debug\craftyeditor.tlog\cl.write.1.tlog
c:\users\tangi\desktop\crafty\craftyeditor\debug\craftyeditor.tlog\link.command.1.tlog
c:\users\tangi\desktop\crafty\craftyeditor\debug\craftyeditor.tlog\link.read.1.tlog
c:\users\tangi\desktop\crafty\craftyeditor\debug\craftyeditor.tlog\link.write.1.tlog
